c:\users\ola\source\repos\masterthesis\filterlibrary\debug\filterlibrary.pch
c:\users\ola\source\repos\masterthesis\filterlibrary\debug\vc142.pdb
c:\users\ola\source\repos\masterthesis\filterlibrary\debug\pch.obj
c:\users\ola\source\repos\masterthesis\filterlibrary\debug\savitzky.obj
c:\users\ola\source\repos\masterthesis\filterlibrary\debug\movingaverage.obj
c:\users\ola\source\repos\masterthesis\filterlibrary\debug\median.obj
c:\users\ola\source\repos\masterthesis\filterlibrary\debug\kalman.obj
c:\users\ola\source\repos\masterthesis\filterlibrary\debug\filterlibrary.obj
c:\users\ola\source\repos\masterthesis\filterlibrary\debug\assemblyinfo.obj
c:\users\ola\source\repos\masterthesis\filterlibrary\debug\.netframework,version=v4.0.assemblyattributes.obj
c:\users\ola\source\repos\masterthesis\debug\filterlibrary.dll
c:\users\ola\source\repos\masterthesis\debug\filterlibrary.pdb
c:\users\ola\source\repos\masterthesis\filterlibrary\debug\app.res
c:\users\ola\source\repos\masterthesis\filterlibrary\debug\filterlibrary.tlog\cl.command.1.tlog
c:\users\ola\source\repos\masterthesis\filterlibrary\debug\filterlibrary.tlog\cl.read.1.tlog
c:\users\ola\source\repos\masterthesis\filterlibrary\debug\filterlibrary.tlog\cl.write.1.tlog
c:\users\ola\source\repos\masterthesis\filterlibrary\debug\filterlibrary.tlog\link.command.1.tlog
c:\users\ola\source\repos\masterthesis\filterlibrary\debug\filterlibrary.tlog\link.read.1.tlog
c:\users\ola\source\repos\masterthesis\filterlibrary\debug\filterlibrary.tlog\link.write.1.tlog
c:\users\ola\source\repos\masterthesis\filterlibrary\debug\filterlibrary.tlog\metagen.read.1.tlog
c:\users\ola\source\repos\masterthesis\filterlibrary\debug\filterlibrary.tlog\metagen.write.1.tlog
c:\users\ola\source\repos\masterthesis\filterlibrary\debug\filterlibrary.tlog\rc.command.1.tlog
c:\users\ola\source\repos\masterthesis\filterlibrary\debug\filterlibrary.tlog\rc.read.1.tlog
c:\users\ola\source\repos\masterthesis\filterlibrary\debug\filterlibrary.tlog\rc.write.1.tlog
