  pch.cpp
  AssemblyInfo.cpp
  FilterLibrary.cpp
  Kalman.cpp
C:\Users\ola\source\repos\MasterThesis\FilterLibrary\Kalman.cpp(33,23): warning C4018: '<': signed/unsigned mismatch
  Median.cpp
  MovingAverage.cpp
  Savitzky.cpp
C:\Users\ola\source\repos\MasterThesis\FilterLibrary\Savitzky.cpp(12,15): warning C4244: 'initializing': conversion from 'double' to 'int', possible loss of data
C:\Users\ola\source\repos\MasterThesis\FilterLibrary\Savitzky.cpp(13,13): warning C4244: 'initializing': conversion from 'double' to 'int', possible loss of data
C:\Users\ola\source\repos\MasterThesis\FilterLibrary\Savitzky.cpp(44,31): warning C4244: '+=': conversion from '_Ty' to 'int', possible loss of data
          with
          [
              _Ty=double
          ]
  Generating Code...
C:\src\vcpkg\installed\x86-windows\include\Eigen\src\Core\util\Memory.h(1115): warning C4793: 'Eigen::internal::queryCacheSizes': function compiled as native:
  	Found an intrinsic not supported in managed code
C:\src\vcpkg\installed\x86-windows\include\Eigen\src\Core\arch\SSE\PacketMath.h(790): warning C4793: 'Eigen::internal::pstore<double,__m128d>': function compiled as native:
  	Found an intrinsic not supported in managed code
C:\src\vcpkg\installed\x86-windows\include\Eigen\src\Core\arch\SSE\PacketMath.h(794): warning C4793: 'Eigen::internal::pstoreu<double,__m128d>': function compiled as native:
  	Found an intrinsic not supported in managed code
C:\src\vcpkg\installed\x86-windows\include\Eigen\src\Core\util\Memory.h(1087): warning C4793: 'Eigen::internal::queryCacheSizes_amd': function compiled as native:
  	Found an intrinsic not supported in managed code
C:\src\vcpkg\installed\x86-windows\include\Eigen\src\Core\util\Memory.h(1090): warning C4793: 'Eigen::internal::queryCacheSizes_amd': function compiled as native:
  	Found an intrinsic not supported in managed code
C:\src\vcpkg\installed\x86-windows\include\Eigen\src\Core\util\Memory.h(1093): warning C4793: 'Eigen::internal::queryCacheSizes_amd': function compiled as native:
  	Found an intrinsic not supported in managed code
C:\src\vcpkg\installed\x86-windows\include\Eigen\src\Core\util\Memory.h(967): warning C4793: 'Eigen::internal::queryCacheSizes_intel_direct': function compiled as native:
  	Found an intrinsic not supported in managed code
C:\src\vcpkg\installed\x86-windows\include\Eigen\src\Core\util\Memory.h(996): warning C4793: 'Eigen::internal::queryCacheSizes_intel_codes': function compiled as native:
  	Found an intrinsic not supported in managed code
C:\src\vcpkg\installed\x86-windows\include\Eigen\src\Core\arch\SSE\PacketMath.h(1130): warning C4793: 'Eigen::internal::ptranspose': function compiled as native:
  	Found an intrinsic not supported in managed code
C:\src\vcpkg\installed\x86-windows\include\Eigen\src\Core\arch\SSE\PacketMath.h(1131): warning C4793: 'Eigen::internal::ptranspose': function compiled as native:
  	Found an intrinsic not supported in managed code
C:\src\vcpkg\installed\x86-windows\include\Eigen\src\Core\arch\SSE\PacketMath.h(869): warning C4793: 'Eigen::internal::prefetch<double>': function compiled as native:
  	Found an intrinsic not supported in managed code
C:\src\vcpkg\installed\x86-windows\include\Eigen\src\Core\arch\SSE\PacketMath.h(258): warning C4793: 'Eigen::internal::pset1<__m128d>': function compiled as native:
  	Found an intrinsic not supported in managed code
C:\src\vcpkg\installed\x86-windows\include\Eigen\src\Core\arch\SSE\PacketMath.h(290): warning C4793: 'Eigen::internal::padd<__m128d>': function compiled as native:
  	Found an intrinsic not supported in managed code
C:\src\vcpkg\installed\x86-windows\include\Eigen\src\Core\arch\SSE\PacketMath.h(970): warning C4793: 'Eigen::internal::pbroadcast4<__m128d>': function compiled as native:
  	Found an intrinsic not supported in managed code
C:\src\vcpkg\installed\x86-windows\include\Eigen\src\Core\arch\SSE\PacketMath.h(970): warning C4793: 'Eigen::internal::pbroadcast4<__m128d>': function compiled as native:
  	Found an intrinsic not supported in managed code
C:\src\vcpkg\installed\x86-windows\include\Eigen\src\Core\arch\SSE\PacketMath.h(970): warning C4793: 'Eigen::internal::pbroadcast4<__m128d>': function compiled as native:
  	Found an intrinsic not supported in managed code
C:\src\vcpkg\installed\x86-windows\include\Eigen\src\Core\arch\SSE\PacketMath.h(971): warning C4793: 'Eigen::internal::pbroadcast4<__m128d>': function compiled as native:
  	Found an intrinsic not supported in managed code
C:\src\vcpkg\installed\x86-windows\include\Eigen\src\Core\arch\SSE\PacketMath.h(971): warning C4793: 'Eigen::internal::pbroadcast4<__m128d>': function compiled as native:
  	Found an intrinsic not supported in managed code
C:\src\vcpkg\installed\x86-windows\include\Eigen\src\Core\arch\SSE\PacketMath.h(971): warning C4793: 'Eigen::internal::pbroadcast4<__m128d>': function compiled as native:
  	Found an intrinsic not supported in managed code
C:\src\vcpkg\installed\x86-windows\include\Eigen\src\Core\arch\SSE\PacketMath.h(973): warning C4793: 'Eigen::internal::pbroadcast4<__m128d>': function compiled as native:
  	Found an intrinsic not supported in managed code
C:\src\vcpkg\installed\x86-windows\include\Eigen\src\Core\arch\SSE\PacketMath.h(973): warning C4793: 'Eigen::internal::pbroadcast4<__m128d>': function compiled as native:
  	Found an intrinsic not supported in managed code
C:\src\vcpkg\installed\x86-windows\include\Eigen\src\Core\arch\SSE\PacketMath.h(973): warning C4793: 'Eigen::internal::pbroadcast4<__m128d>': function compiled as native:
  	Found an intrinsic not supported in managed code
C:\src\vcpkg\installed\x86-windows\include\Eigen\src\Core\arch\SSE\PacketMath.h(974): warning C4793: 'Eigen::internal::pbroadcast4<__m128d>': function compiled as native:
  	Found an intrinsic not supported in managed code
C:\src\vcpkg\installed\x86-windows\include\Eigen\src\Core\arch\SSE\PacketMath.h(974): warning C4793: 'Eigen::internal::pbroadcast4<__m128d>': function compiled as native:
  	Found an intrinsic not supported in managed code
C:\src\vcpkg\installed\x86-windows\include\Eigen\src\Core\arch\SSE\PacketMath.h(974): warning C4793: 'Eigen::internal::pbroadcast4<__m128d>': function compiled as native:
  	Found an intrinsic not supported in managed code
C:\src\vcpkg\installed\x86-windows\include\Eigen\src\Core\arch\SSE\PacketMath.h(829): warning C4793: 'Eigen::internal::pscatter<double,__m128d>': function compiled as native:
  	Found an intrinsic not supported in managed code
C:\src\vcpkg\installed\x86-windows\include\Eigen\src\Core\arch\SSE\PacketMath.h(830): warning C4793: 'Eigen::internal::pscatter<double,__m128d>': function compiled as native:
  	Found an intrinsic not supported in managed code
C:\src\vcpkg\installed\x86-windows\include\Eigen\src\Core\arch\SSE\PacketMath.h(830): warning C4793: 'Eigen::internal::pscatter<double,__m128d>': function compiled as native:
  	Found an intrinsic not supported in managed code
C:\src\vcpkg\installed\x86-windows\include\Eigen\src\Core\arch\SSE\PacketMath.h(1007): warning C4793: 'Eigen::internal::predux<__m128d>': function compiled as native:
  	Found an intrinsic not supported in managed code
C:\src\vcpkg\installed\x86-windows\include\Eigen\src\Core\arch\SSE\PacketMath.h(1007): warning C4793: 'Eigen::internal::predux<__m128d>': function compiled as native:
  	Found an intrinsic not supported in managed code
C:\src\vcpkg\installed\x86-windows\include\Eigen\src\Core\arch\SSE\PacketMath.h(746): warning C4793: 'Eigen::internal::ploadu<__m128d>': function compiled as native:
  	Found an intrinsic not supported in managed code
C:\src\vcpkg\installed\x86-windows\include\Eigen\src\Core\arch\SSE\PacketMath.h(296): warning C4793: 'Eigen::internal::psub<__m128d>': function compiled as native:
  	Found an intrinsic not supported in managed code
C:\src\vcpkg\installed\x86-windows\include\Eigen\src\Core\arch\SSE\PacketMath.h(716): warning C4793: 'Eigen::internal::pload<__m128d>': function compiled as native:
  	Found an intrinsic not supported in managed code
C:\src\vcpkg\installed\x86-windows\include\Eigen\src\Core\arch\SSE\PacketMath.h(805): warning C4793: 'Eigen::internal::pgather<double,__m128d>': function compiled as native:
  	Found an intrinsic not supported in managed code
C:\src\vcpkg\installed\x86-windows\include\Eigen\src\Core\arch\SSE\PacketMath.h(367): warning C4793: 'Eigen::internal::pdiv<__m128d>': function compiled as native:
  	Found an intrinsic not supported in managed code
C:\src\vcpkg\installed\x86-windows\include\Eigen\src\Core\arch\SSE\PacketMath.h(882): warning C4793: 'Eigen::internal::pfirst<__m128d>': function compiled as native:
  	Found an intrinsic not supported in managed code
C:\src\vcpkg\installed\x86-windows\include\Eigen\src\Core\arch\SSE\PacketMath.h(347): warning C4793: 'Eigen::internal::pmul<__m128d>': function compiled as native:
  	Found an intrinsic not supported in managed code
C:\src\vcpkg\installed\x86-windows\include\Eigen\src\Core\arch\SSE\PacketMath.h(608): warning C4793: 'Eigen::internal::pabs<__m128d>': function compiled as native:
  	Found an intrinsic not supported in managed code
C:\src\vcpkg\installed\x86-windows\include\Eigen\src\Core\arch\SSE\PacketMath.h(608): warning C4793: 'Eigen::internal::pabs<__m128d>': function compiled as native:
  	Found an intrinsic not supported in managed code
C:\src\vcpkg\installed\x86-windows\include\Eigen\src\Core\arch\SSE\PacketMath.h(609): warning C4793: 'Eigen::internal::pabs<__m128d>': function compiled as native:
  	Found an intrinsic not supported in managed code
C:\src\vcpkg\installed\x86-windows\include\Eigen\src\Core\util\Memory.h(1115): warning C4793: 'Eigen::internal::queryCacheSizes': function compiled as native:
  	Found an intrinsic not supported in managed code
C:\src\vcpkg\installed\x86-windows\include\Eigen\src\Core\util\Memory.h(1087): warning C4793: 'Eigen::internal::queryCacheSizes_amd': function compiled as native:
  	Found an intrinsic not supported in managed code
C:\src\vcpkg\installed\x86-windows\include\Eigen\src\Core\util\Memory.h(1090): warning C4793: 'Eigen::internal::queryCacheSizes_amd': function compiled as native:
  	Found an intrinsic not supported in managed code
C:\src\vcpkg\installed\x86-windows\include\Eigen\src\Core\util\Memory.h(1093): warning C4793: 'Eigen::internal::queryCacheSizes_amd': function compiled as native:
  	Found an intrinsic not supported in managed code
C:\src\vcpkg\installed\x86-windows\include\Eigen\src\Core\util\Memory.h(967): warning C4793: 'Eigen::internal::queryCacheSizes_intel_direct': function compiled as native:
  	Found an intrinsic not supported in managed code
C:\src\vcpkg\installed\x86-windows\include\Eigen\src\Core\util\Memory.h(996): warning C4793: 'Eigen::internal::queryCacheSizes_intel_codes': function compiled as native:
  	Found an intrinsic not supported in managed code
C:\src\vcpkg\installed\x86-windows\include\Eigen\src\Core\arch\SSE\PacketMath.h(790): warning C4793: 'Eigen::internal::pstore<double,__m128d>': function compiled as native:
  	Found an intrinsic not supported in managed code
C:\src\vcpkg\installed\x86-windows\include\Eigen\src\Core\arch\SSE\PacketMath.h(794): warning C4793: 'Eigen::internal::pstoreu<double,__m128d>': function compiled as native:
  	Found an intrinsic not supported in managed code
C:\src\vcpkg\installed\x86-windows\include\Eigen\src\Core\arch\SSE\PacketMath.h(1130): warning C4793: 'Eigen::internal::ptranspose': function compiled as native:
  	Found an intrinsic not supported in managed code
C:\src\vcpkg\installed\x86-windows\include\Eigen\src\Core\arch\SSE\PacketMath.h(1131): warning C4793: 'Eigen::internal::ptranspose': function compiled as native:
  	Found an intrinsic not supported in managed code
C:\src\vcpkg\installed\x86-windows\include\Eigen\src\Core\arch\SSE\PacketMath.h(869): warning C4793: 'Eigen::internal::prefetch<double>': function compiled as native:
  	Found an intrinsic not supported in managed code
C:\src\vcpkg\installed\x86-windows\include\Eigen\src\Core\arch\SSE\PacketMath.h(258): warning C4793: 'Eigen::internal::pset1<__m128d>': function compiled as native:
  	Found an intrinsic not supported in managed code
C:\src\vcpkg\installed\x86-windows\include\Eigen\src\Core\arch\SSE\PacketMath.h(290): warning C4793: 'Eigen::internal::padd<__m128d>': function compiled as native:
  	Found an intrinsic not supported in managed code
C:\src\vcpkg\installed\x86-windows\include\Eigen\src\Core\arch\SSE\PacketMath.h(970): warning C4793: 'Eigen::internal::pbroadcast4<__m128d>': function compiled as native:
  	Found an intrinsic not supported in managed code
C:\src\vcpkg\installed\x86-windows\include\Eigen\src\Core\arch\SSE\PacketMath.h(970): warning C4793: 'Eigen::internal::pbroadcast4<__m128d>': function compiled as native:
  	Found an intrinsic not supported in managed code
C:\src\vcpkg\installed\x86-windows\include\Eigen\src\Core\arch\SSE\PacketMath.h(970): warning C4793: 'Eigen::internal::pbroadcast4<__m128d>': function compiled as native:
  	Found an intrinsic not supported in managed code
C:\src\vcpkg\installed\x86-windows\include\Eigen\src\Core\arch\SSE\PacketMath.h(971): warning C4793: 'Eigen::internal::pbroadcast4<__m128d>': function compiled as native:
  	Found an intrinsic not supported in managed code
C:\src\vcpkg\installed\x86-windows\include\Eigen\src\Core\arch\SSE\PacketMath.h(971): warning C4793: 'Eigen::internal::pbroadcast4<__m128d>': function compiled as native:
  	Found an intrinsic not supported in managed code
C:\src\vcpkg\installed\x86-windows\include\Eigen\src\Core\arch\SSE\PacketMath.h(971): warning C4793: 'Eigen::internal::pbroadcast4<__m128d>': function compiled as native:
  	Found an intrinsic not supported in managed code
C:\src\vcpkg\installed\x86-windows\include\Eigen\src\Core\arch\SSE\PacketMath.h(973): warning C4793: 'Eigen::internal::pbroadcast4<__m128d>': function compiled as native:
  	Found an intrinsic not supported in managed code
C:\src\vcpkg\installed\x86-windows\include\Eigen\src\Core\arch\SSE\PacketMath.h(973): warning C4793: 'Eigen::internal::pbroadcast4<__m128d>': function compiled as native:
  	Found an intrinsic not supported in managed code
C:\src\vcpkg\installed\x86-windows\include\Eigen\src\Core\arch\SSE\PacketMath.h(973): warning C4793: 'Eigen::internal::pbroadcast4<__m128d>': function compiled as native:
  	Found an intrinsic not supported in managed code
C:\src\vcpkg\installed\x86-windows\include\Eigen\src\Core\arch\SSE\PacketMath.h(974): warning C4793: 'Eigen::internal::pbroadcast4<__m128d>': function compiled as native:
  	Found an intrinsic not supported in managed code
C:\src\vcpkg\installed\x86-windows\include\Eigen\src\Core\arch\SSE\PacketMath.h(974): warning C4793: 'Eigen::internal::pbroadcast4<__m128d>': function compiled as native:
  	Found an intrinsic not supported in managed code
C:\src\vcpkg\installed\x86-windows\include\Eigen\src\Core\arch\SSE\PacketMath.h(974): warning C4793: 'Eigen::internal::pbroadcast4<__m128d>': function compiled as native:
  	Found an intrinsic not supported in managed code
C:\src\vcpkg\installed\x86-windows\include\Eigen\src\Core\arch\SSE\PacketMath.h(829): warning C4793: 'Eigen::internal::pscatter<double,__m128d>': function compiled as native:
  	Found an intrinsic not supported in managed code
C:\src\vcpkg\installed\x86-windows\include\Eigen\src\Core\arch\SSE\PacketMath.h(830): warning C4793: 'Eigen::internal::pscatter<double,__m128d>': function compiled as native:
  	Found an intrinsic not supported in managed code
C:\src\vcpkg\installed\x86-windows\include\Eigen\src\Core\arch\SSE\PacketMath.h(830): warning C4793: 'Eigen::internal::pscatter<double,__m128d>': function compiled as native:
  	Found an intrinsic not supported in managed code
C:\src\vcpkg\installed\x86-windows\include\Eigen\src\Core\arch\SSE\PacketMath.h(1007): warning C4793: 'Eigen::internal::predux<__m128d>': function compiled as native:
  	Found an intrinsic not supported in managed code
C:\src\vcpkg\installed\x86-windows\include\Eigen\src\Core\arch\SSE\PacketMath.h(1007): warning C4793: 'Eigen::internal::predux<__m128d>': function compiled as native:
  	Found an intrinsic not supported in managed code
C:\src\vcpkg\installed\x86-windows\include\Eigen\src\Core\arch\SSE\PacketMath.h(746): warning C4793: 'Eigen::internal::ploadu<__m128d>': function compiled as native:
  	Found an intrinsic not supported in managed code
C:\src\vcpkg\installed\x86-windows\include\Eigen\src\Core\arch\SSE\PacketMath.h(296): warning C4793: 'Eigen::internal::psub<__m128d>': function compiled as native:
  	Found an intrinsic not supported in managed code
C:\src\vcpkg\installed\x86-windows\include\Eigen\src\Core\arch\SSE\PacketMath.h(716): warning C4793: 'Eigen::internal::pload<__m128d>': function compiled as native:
  	Found an intrinsic not supported in managed code
C:\src\vcpkg\installed\x86-windows\include\Eigen\src\Core\arch\SSE\PacketMath.h(805): warning C4793: 'Eigen::internal::pgather<double,__m128d>': function compiled as native:
  	Found an intrinsic not supported in managed code
C:\src\vcpkg\installed\x86-windows\include\Eigen\src\Core\arch\SSE\PacketMath.h(882): warning C4793: 'Eigen::internal::pfirst<__m128d>': function compiled as native:
  	Found an intrinsic not supported in managed code
C:\src\vcpkg\installed\x86-windows\include\Eigen\src\Core\arch\SSE\PacketMath.h(347): warning C4793: 'Eigen::internal::pmul<__m128d>': function compiled as native:
  	Found an intrinsic not supported in managed code
C:\src\vcpkg\installed\x86-windows\include\Eigen\src\Core\arch\SSE\PacketMath.h(531): warning C4793: 'Eigen::internal::pmax<__m128d>': function compiled as native:
  	Found an intrinsic not supported in managed code
C:\src\vcpkg\installed\x86-windows\include\Eigen\src\Core\arch\SSE\PacketMath.h(608): warning C4793: 'Eigen::internal::pabs<__m128d>': function compiled as native:
  	Found an intrinsic not supported in managed code
C:\src\vcpkg\installed\x86-windows\include\Eigen\src\Core\arch\SSE\PacketMath.h(608): warning C4793: 'Eigen::internal::pabs<__m128d>': function compiled as native:
  	Found an intrinsic not supported in managed code
C:\src\vcpkg\installed\x86-windows\include\Eigen\src\Core\arch\SSE\PacketMath.h(609): warning C4793: 'Eigen::internal::pabs<__m128d>': function compiled as native:
  	Found an intrinsic not supported in managed code
  .NETFramework,Version=v4.0.AssemblyAttributes.cpp
  AssemblyInfo.obj : MSIL module encountered; incremental linking is disabled for MSIL; performing full link
  FilterLibrary.vcxproj -> C:\Users\ola\source\repos\MasterThesis\Debug\FilterLibrary.dll
